\BOOKMARK [1][-]{section.1}{\376\377\000I\000n\000t\000r\000o\000d\000u\000c\000t\000i\000o\000n}{}% 1
\BOOKMARK [1][-]{section.2}{\376\377\000R\000e\000l\000a\000t\000e\000d\000\040\000W\000o\000r\000k\000s}{}% 2
\BOOKMARK [2][-]{subsection.2.1}{\376\377\000R\000e\000g\000r\000e\000s\000s\000i\000o\000n\000\040\000M\000e\000t\000h\000o\000d\000s}{section.2}% 3
\BOOKMARK [2][-]{subsection.2.2}{\376\377\000O\000p\000t\000i\000m\000i\000z\000a\000t\000i\000o\000n\000\040\000T\000e\000c\000h\000n\000i\000q\000u\000e\000s}{section.2}% 4
\BOOKMARK [2][-]{subsection.2.3}{\376\377\000N\000e\000u\000r\000a\000l\000\040\000N\000e\000t\000w\000o\000r\000k}{section.2}% 5
\BOOKMARK [2][-]{subsection.2.4}{\376\377\000R\000e\000s\000t\000\040\000o\000f\000\040\000t\000h\000e\000\040\000M\000e\000t\000h\000o\000d\000s}{section.2}% 6
\BOOKMARK [1][-]{section.3}{\376\377\000P\000r\000e\000l\000i\000m\000i\000n\000a\000r\000i\000e\000s}{}% 7
\BOOKMARK [2][-]{subsection.3.1}{\376\377\000T\000r\000a\000d\000i\000n\000g\000\040\000i\000n\000\040\000F\000o\000r\000e\000x}{section.3}% 8
\BOOKMARK [2][-]{subsection.3.2}{\376\377\000T\000r\000a\000d\000i\000n\000g\000\040\000S\000y\000s\000t\000e\000m\000:\000\040\000M\000e\000t\000a\000\040\000T\000r\000a\000d\000e\000r\000\040\0005}{section.3}% 9
\BOOKMARK [2][-]{subsection.3.3}{\376\377\000T\000e\000c\000h\000n\000i\000c\000a\000l\000\040\000i\000n\000d\000i\000c\000a\000t\000o\000r\000s}{section.3}% 10
\BOOKMARK [2][-]{subsection.3.4}{\376\377\000T\000r\000a\000d\000i\000n\000g\000\040\000R\000u\000l\000e\000s}{section.3}% 11
\BOOKMARK [3][-]{subsubsection.3.4.1}{\376\377\000T\000r\000a\000d\000i\000n\000g\000\040\000R\000u\000l\000e\000s\000\040\000w\000i\000t\000h\000\040\000D\000y\000n\000a\000m\000i\000c\000\040\000C\000h\000a\000n\000n\000e\000l\000s}{subsection.3.4}% 12
\BOOKMARK [1][-]{section.4}{\376\377\000T\000h\000e\000\040\000T\000r\000a\000d\000i\000n\000g\000\040\000S\000y\000s\000t\000e\000m}{}% 13
\BOOKMARK [2][-]{subsection.4.1}{\376\377\000P\000h\000a\000s\000e\000\040\0001\000:\000\040\000e\000a\000c\000h\000\040\000t\000r\000a\000d\000i\000n\000g\000\040\000r\000u\000l\000e\000\040\000i\000s\000\040\000t\000e\000s\000t\000e\000d\000\040\000f\000o\000r\000\040\000s\000e\000l\000e\000c\000t\000i\000o\000n}{section.4}% 14
\BOOKMARK [3][-]{subsubsection.4.1.1}{\376\377\000T\000r\000a\000d\000i\000n\000g\000\040\000S\000i\000m\000u\000l\000a\000t\000i\000o\000n\000\040\000L\000a\000y\000e\000r}{subsection.4.1}% 15
\BOOKMARK [3][-]{subsubsection.4.1.2}{\376\377\000A\000I\000\040\000C\000o\000n\000v\000o\000l\000u\000t\000i\000o\000n\000a\000l\000\040\000L\000a\000y\000e\000r}{subsection.4.1}% 16
\BOOKMARK [3][-]{subsubsection.4.1.3}{\376\377\000T\000h\000e\000\040\000G\000A\000\040\000l\000a\000y\000e\000r\000:\000\040\000a\000\040\000G\000e\000n\000e\000t\000i\000c\000\040\000A\000l\000g\000o\000r\000i\000t\000h\000m\000\040\000f\000o\000r\000\040\000v\000a\000r\000i\000a\000b\000l\000e\000s\000'\000\040\000p\000a\000r\000a\000m\000e\000t\000e\000r\000s\000\040\000s\000e\000l\000e\000c\000t\000i\000o\000n}{subsection.4.1}% 17
\BOOKMARK [2][-]{subsection.4.2}{\376\377\000P\000h\000a\000s\000e\000\040\0002\000:\000\040\000s\000e\000l\000e\000c\000t\000i\000n\000g\000\040\000a\000n\000d\000\040\000c\000o\000m\000b\000i\000n\000i\000n\000g\000\040\000p\000r\000o\000f\000i\000t\000a\000b\000l\000e\000\040\000r\000u\000l\000e\000s}{section.4}% 18
\BOOKMARK [3][-]{subsubsection.4.2.1}{\376\377\000T\000h\000e\000\040\000G\000A\000\040\000l\000a\000y\000e\000r\000:\000\040\000a\000\040\000G\000e\000n\000e\000t\000i\000c\000\040\000A\000l\000g\000o\000r\000i\000t\000h\000m\000\040\000f\000o\000r\000\040\000s\000e\000l\000e\000c\000t\000i\000n\000g\000\040\000c\000o\000m\000b\000i\000n\000a\000t\000i\000o\000n\000\040\000o\000f\000\040\000t\000r\000a\000d\000i\000n\000g\000\040\000r\000u\000l\000e\000s}{subsection.4.2}% 19
\BOOKMARK [3][-]{subsubsection.4.2.2}{\376\377\000T\000r\000a\000d\000i\000n\000g\000\040\000S\000i\000m\000u\000l\000a\000t\000i\000o\000n\000\040\000L\000a\000y\000e\000r\000:\000\040\000c\000o\000m\000p\000u\000t\000i\000n\000g\000\040\000t\000h\000e\000\040\000N\000e\000t\000\040\000P\000r\000o\000f\000i\000t\000\040\000o\000f\000\040\000t\000h\000e\000\040\000r\000u\000l\000e\000s\000\040\000c\000o\000m\000b\000i\000n\000a\000t\000i\000o\000n\000s}{subsection.4.2}% 20
\BOOKMARK [1][-]{section.5}{\376\377\000E\000x\000p\000e\000r\000i\000m\000e\000n\000t\000s}{}% 21
\BOOKMARK [2][-]{subsection.5.1}{\376\377\000I\000n\000v\000e\000s\000t\000m\000e\000n\000t\000\040\000S\000e\000t\000u\000p}{section.5}% 22
\BOOKMARK [3][-]{subsubsection.5.1.1}{\376\377\000E\000v\000a\000l\000u\000a\000t\000i\000o\000n\000\040\000M\000e\000t\000r\000i\000c\000s}{subsection.5.1}% 23
\BOOKMARK [3][-]{subsubsection.5.1.2}{\376\377\000D\000a\000t\000a\000s\000e\000t\000s}{subsection.5.1}% 24
\BOOKMARK [2][-]{subsection.5.2}{\376\377\000R\000e\000s\000u\000l\000t\000s\000\040\000o\000n\000\040\000P\000h\000a\000s\000e\000\040\0001}{section.5}% 25
\BOOKMARK [2][-]{subsection.5.3}{\376\377\000R\000e\000s\000u\000l\000t\000s\000\040\000o\000n\000\040\000P\000h\000a\000s\000e\000\040\0002\000:\000\040\000w\000i\000t\000h\000o\000u\000t\000\040\000A\000I\000-\000b\000a\000s\000e\000d}{section.5}% 26
\BOOKMARK [2][-]{subsection.5.4}{\376\377\000R\000e\000s\000u\000l\000t\000s\000\040\000o\000n\000\040\000P\000h\000a\000s\000e\000\040\0002\000:\000\040\000i\000n\000c\000l\000u\000d\000i\000n\000g\000\040\000A\000I\000-\000b\000a\000s\000e\000d}{section.5}% 27
\BOOKMARK [2][-]{subsection.5.5}{\376\377\000A\000I\000\040\000C\000o\000n\000v\000o\000l\000u\000t\000i\000o\000n\000a\000l\000\040\000L\000a\000y\000e\000r}{section.5}% 28
\BOOKMARK [3][-]{subsubsection.5.5.1}{\376\377\000E\000x\000p\000e\000r\000i\000m\000e\000n\000t\000a\000l\000\040\000S\000e\000t\000u\000p}{subsection.5.5}% 29
\BOOKMARK [3][-]{subsubsection.5.5.2}{\376\377\000E\000v\000a\000l\000u\000a\000t\000i\000o\000n\000\040\000M\000e\000t\000r\000i\000c\000s}{subsection.5.5}% 30
\BOOKMARK [3][-]{subsubsection.5.5.3}{\376\377\000D\000a\000t\000a\000s\000e\000t}{subsection.5.5}% 31
\BOOKMARK [3][-]{subsubsection.5.5.4}{\376\377\000R\000e\000s\000u\000l\000t\000s}{subsection.5.5}% 32
